<?xml version="1.0" encoding="UTF-8"?>
<!-- Generated by org.testng.reporters.JUnitReportReporter -->
<testsuite hostname="DESKTOP-DRDFAO6" failures="0" tests="1" name="RunnerClass.AccountDetailsRunner" time="0.366" errors="0" timestamp="2024-02-14T01:40:01 IST" skipped="0">
  <testcase classname="RunnerClass.AccountDetailsRunner" name="runScenario" time="0.366"/>
  <system-out/>
</testsuite> <!-- RunnerClass.AccountDetailsRunner -->
