<?xml version="1.0" encoding="UTF-8"?>
<!-- Generated by org.testng.reporters.JUnitReportReporter -->
<testsuite hostname="DESKTOP-DRDFAO6" failures="0" tests="3" name="RunnerClass.HooksSteps" time="0.649" errors="0" timestamp="2024-02-16T00:38:33 IST" skipped="0">
  <testcase classname="RunnerClass.HooksSteps" name="runScenario" time="0.397"/>
  <system-out/>
  <testcase classname="RunnerClass.HooksSteps" name="runScenario" time="0.154"/>
  <system-out/>
  <testcase classname="RunnerClass.HooksSteps" name="runScenario" time="0.098"/>
  <system-out/>
</testsuite> <!-- RunnerClass.HooksSteps -->
