<?xml version="1.0" encoding="UTF-8"?>
<!-- Generated by org.testng.reporters.JUnitReportReporter -->
<testsuite hostname="DESKTOP-DRDFAO6" failures="0" tests="3" name="RunnerClass.HookOrderRunner" time="0.758" errors="0" timestamp="2024-02-16T00:06:46 IST" skipped="0">
  <testcase classname="RunnerClass.HookOrderRunner" name="runScenario" time="0.480"/>
  <system-out/>
  <testcase classname="RunnerClass.HookOrderRunner" name="runScenario" time="0.131"/>
  <system-out/>
  <testcase classname="RunnerClass.HookOrderRunner" name="runScenario" time="0.147"/>
  <system-out/>
</testsuite> <!-- RunnerClass.HookOrderRunner -->
