<?xml version="1.0" encoding="UTF-8"?>
<!-- Generated by org.testng.reporters.JUnitReportReporter -->
<testsuite hostname="DESKTOP-DRDFAO6" failures="0" tests="1" name="RunnerClass.ProfileRunner" time="0.287" errors="0" timestamp="2024-02-12T15:11:15 IST" skipped="0">
  <testcase classname="RunnerClass.ProfileRunner" name="runScenario" time="0.287"/>
  <system-out/>
</testsuite> <!-- RunnerClass.ProfileRunner -->
