<?xml version="1.0" encoding="UTF-8"?>
<!-- Generated by org.testng.reporters.JUnitReportReporter -->
<testsuite hostname="DESKTOP-DRDFAO6" failures="0" tests="2" name="RunnerClass.LoginRunner1" time="0.219" errors="0" timestamp="2024-02-10T21:33:33 IST" skipped="0">
  <testcase classname="RunnerClass.LoginRunner1" name="runScenario" time="0.203"/>
  <system-out/>
  <testcase classname="RunnerClass.LoginRunner1" name="runScenario" time="0.016"/>
  <system-out/>
</testsuite> <!-- RunnerClass.LoginRunner1 -->
