<?xml version="1.0" encoding="UTF-8"?>
<!-- Generated by org.testng.reporters.JUnitReportReporter -->
<testsuite hostname="DESKTOP-DRDFAO6" failures="0" tests="3" name="RunnerClass.ScenarioOutlineScenarioRunner" time="0.329" errors="0" timestamp="2024-02-13T23:57:02 IST" skipped="0">
  <testcase classname="RunnerClass.ScenarioOutlineScenarioRunner" name="runScenario" time="0.251"/>
  <system-out/>
  <testcase classname="RunnerClass.ScenarioOutlineScenarioRunner" name="runScenario" time="0.036"/>
  <system-out/>
  <testcase classname="RunnerClass.ScenarioOutlineScenarioRunner" name="runScenario" time="0.042"/>
  <system-out/>
</testsuite> <!-- RunnerClass.ScenarioOutlineScenarioRunner -->
