<?xml version="1.0" encoding="UTF-8"?>
<!-- Generated by org.testng.reporters.JUnitReportReporter -->
<testsuite hostname="DESKTOP-DRDFAO6" failures="0" tests="3" name="RunnerClass.HooksOrderZeroNe" time="0.585" errors="0" timestamp="2024-02-15T23:32:46 IST" skipped="0">
  <testcase classname="RunnerClass.HooksOrderZeroNe" name="runScenario" time="0.140"/>
  <system-out/>
  <testcase classname="RunnerClass.HooksOrderZeroNe" name="runScenario" time="0.271"/>
  <system-out/>
  <testcase classname="RunnerClass.HooksOrderZeroNe" name="runScenario" time="0.174"/>
  <system-out/>
</testsuite> <!-- RunnerClass.HooksOrderZeroNe -->
