<?xml version="1.0" encoding="UTF-8"?>
<!-- Generated by org.testng.reporters.JUnitReportReporter -->
<testsuite hostname="DESKTOP-DRDFAO6" failures="0" tests="1" name="RunnerClass.SubstarctionRunner" time="0.246" errors="0" timestamp="2024-02-15T14:53:41 IST" skipped="0">
  <testcase classname="RunnerClass.SubstarctionRunner" name="runScenario" time="0.246"/>
  <system-out/>
</testsuite> <!-- RunnerClass.SubstarctionRunner -->
