<?xml version="1.0" encoding="UTF-8"?>
<!-- Generated by org.testng.reporters.JUnitReportReporter -->
<testsuite hostname="DESKTOP-DRDFAO6" failures="0" tests="1" name="RunnerClass.AddionRunner" time="0.227" errors="0" timestamp="2024-02-15T14:04:53 IST" skipped="0">
  <testcase classname="RunnerClass.AddionRunner" name="runScenario" time="0.227"/>
  <system-out/>
</testsuite> <!-- RunnerClass.AddionRunner -->
