<?xml version="1.0" encoding="UTF-8"?>
<!-- Generated by org.testng.reporters.JUnitReportReporter -->
<testsuite hostname="DESKTOP-DRDFAO6" failures="0" tests="3" name="RunnerClass.ScenarioOutlineScenario" time="0.359" errors="0" timestamp="2024-02-13T23:42:41 IST" skipped="0">
  <testcase classname="RunnerClass.ScenarioOutlineScenario" name="runScenario" time="0.252"/>
  <system-out/>
  <testcase classname="RunnerClass.ScenarioOutlineScenario" name="runScenario" time="0.063"/>
  <system-out/>
  <testcase classname="RunnerClass.ScenarioOutlineScenario" name="runScenario" time="0.044"/>
  <system-out/>
</testsuite> <!-- RunnerClass.ScenarioOutlineScenario -->
