<?xml version="1.0" encoding="UTF-8"?>
<!-- Generated by org.testng.reporters.JUnitReportReporter -->
<testsuite hostname="DESKTOP-DRDFAO6" failures="0" tests="1" name="RunnerClass.AccountDetailsRunner" time="0.392" errors="0" timestamp="2024-02-15T15:16:46 IST" skipped="0">
  <testcase classname="RunnerClass.AccountDetailsRunner" name="runScenario" time="0.392"/>
  <system-out/>
</testsuite> <!-- RunnerClass.AccountDetailsRunner -->
