<?xml version="1.0" encoding="UTF-8"?>
<!-- Generated by org.testng.reporters.JUnitReportReporter -->
<testsuite hostname="DESKTOP-DRDFAO6" failures="0" tests="3" name="RunnerClass.ProfileHookRunner" time="0.623" errors="0" timestamp="2024-02-15T19:52:43 IST" skipped="0">
  <testcase classname="RunnerClass.ProfileHookRunner" name="runScenario" time="0.085"/>
  <system-out/>
  <testcase classname="RunnerClass.ProfileHookRunner" name="runScenario" time="0.186"/>
  <system-out/>
  <testcase classname="RunnerClass.ProfileHookRunner" name="runScenario" time="0.352"/>
  <system-out/>
</testsuite> <!-- RunnerClass.ProfileHookRunner -->
