<?xml version="1.0" encoding="UTF-8"?>
<!-- Generated by org.testng.reporters.JUnitReportReporter -->
<testsuite hostname="DESKTOP-DRDFAO6" failures="0" tests="2" name="RunnerClass.LoginRunner3GivenSame" time="0.246" errors="0" timestamp="2024-02-10T21:44:18 IST" skipped="0">
  <testcase classname="RunnerClass.LoginRunner3GivenSame" name="runScenario" time="0.216"/>
  <system-out/>
  <testcase classname="RunnerClass.LoginRunner3GivenSame" name="runScenario" time="0.030"/>
  <system-out/>
</testsuite> <!-- RunnerClass.LoginRunner3GivenSame -->
