<?xml version="1.0" encoding="UTF-8"?>
<!-- Generated by org.testng.reporters.JUnitReportReporter -->
<testsuite hostname="DESKTOP-DRDFAO6" failures="0" tests="4" name="RunnerClass.ScenarioOulineRunner" time="0.486" errors="0" timestamp="2024-02-12T15:11:48 IST" skipped="0">
  <testcase classname="RunnerClass.ScenarioOulineRunner" name="runScenario" time="0.287"/>
  <system-out/>
  <testcase classname="RunnerClass.ScenarioOulineRunner" name="runScenario" time="0.090"/>
  <system-out/>
  <testcase classname="RunnerClass.ScenarioOulineRunner" name="runScenario" time="0.057"/>
  <system-out/>
  <testcase classname="RunnerClass.ScenarioOulineRunner" name="runScenario" time="0.052"/>
  <system-out/>
</testsuite> <!-- RunnerClass.ScenarioOulineRunner -->
