<?xml version="1.0" encoding="UTF-8"?>
<!-- Generated by org.testng.reporters.JUnitReportReporter -->
<testsuite hostname="DESKTOP-DRDFAO6" failures="0" tests="1" name="RunnerClass.LoginRunner" time="0.324" errors="0" timestamp="2024-02-15T13:38:56 IST" skipped="0">
  <testcase classname="RunnerClass.LoginRunner" name="runScenario" time="0.324"/>
  <system-out/>
</testsuite> <!-- RunnerClass.LoginRunner -->
