<?xml version="1.0" encoding="UTF-8"?>
<!-- Generated by org.testng.reporters.JUnitReportReporter -->
<testsuite hostname="DESKTOP-DRDFAO6" failures="0" tests="2" name="RunnerClass.BackgrountScenarioOutlineRunner" time="0.364" errors="0" timestamp="2024-02-14T00:27:10 IST" skipped="0">
  <testcase classname="RunnerClass.BackgrountScenarioOutlineRunner" name="runScenario" time="0.259"/>
  <system-out/>
  <testcase classname="RunnerClass.BackgrountScenarioOutlineRunner" name="runScenario" time="0.105"/>
  <system-out/>
</testsuite> <!-- RunnerClass.BackgrountScenarioOutlineRunner -->
